{"/Users/helgabjorg/Desktop/vef2-2025-v2/src/setup.js": {"path":"/Users/helgabjorg/Desktop/vef2-2025-v2/src/setup.js","statementMap":{"0":{"start":{"line":7,"column":0},"end":{"line":7,"column":16}},"1":{"start":{"line":9,"column":20},"end":{"line":9,"column":38}},"2":{"start":{"line":10,"column":25},"end":{"line":10,"column":41}},"3":{"start":{"line":11,"column":20},"end":{"line":11,"column":38}},"4":{"start":{"line":19,"column":21},"end":{"line":19,"column":53}},"5":{"start":{"line":20,"column":23},"end":{"line":20,"column":50}},"6":{"start":{"line":21,"column":23},"end":{"line":21,"column":50}},"7":{"start":{"line":23,"column":2},"end":{"line":28,"column":3}},"8":{"start":{"line":24,"column":4},"end":{"line":24,"column":34}},"9":{"start":{"line":26,"column":4},"end":{"line":26,"column":47}},"10":{"start":{"line":27,"column":4},"end":{"line":27,"column":17}},"11":{"start":{"line":30,"column":2},"end":{"line":35,"column":3}},"12":{"start":{"line":31,"column":4},"end":{"line":31,"column":34}},"13":{"start":{"line":33,"column":4},"end":{"line":33,"column":38}},"14":{"start":{"line":34,"column":4},"end":{"line":34,"column":17}},"15":{"start":{"line":37,"column":2},"end":{"line":42,"column":3}},"16":{"start":{"line":38,"column":4},"end":{"line":38,"column":33}},"17":{"start":{"line":40,"column":4},"end":{"line":40,"column":37}},"18":{"start":{"line":41,"column":4},"end":{"line":41,"column":17}},"19":{"start":{"line":44,"column":2},"end":{"line":44,"column":14}},"20":{"start":{"line":48,"column":17},"end":{"line":48,"column":32}},"21":{"start":{"line":49,"column":14},"end":{"line":49,"column":46}},"22":{"start":{"line":51,"column":2},"end":{"line":53,"column":3}},"23":{"start":{"line":52,"column":4},"end":{"line":52,"column":20}},"24":{"start":{"line":55,"column":2},"end":{"line":55,"column":32}},"25":{"start":{"line":57,"column":13},"end":{"line":57,"column":55}},"26":{"start":{"line":58,"column":2},"end":{"line":58,"column":12}},"27":{"start":{"line":60,"column":30},"end":{"line":60,"column":64}},"28":{"start":{"line":62,"column":2},"end":{"line":65,"column":3}},"29":{"start":{"line":63,"column":4},"end":{"line":63,"column":56}},"30":{"start":{"line":64,"column":4},"end":{"line":64,"column":20}},"31":{"start":{"line":67,"column":2},"end":{"line":67,"column":32}},"32":{"start":{"line":68,"column":2},"end":{"line":68,"column":19}},"33":{"start":{"line":71,"column":0},"end":{"line":73,"column":3}},"34":{"start":{"line":72,"column":2},"end":{"line":72,"column":44}}},"fnMap":{"0":{"name":"setupDbFromFiles","decl":{"start":{"line":18,"column":22},"end":{"line":18,"column":38}},"loc":{"start":{"line":18,"column":51},"end":{"line":45,"column":1}},"line":18},"1":{"name":"create","decl":{"start":{"line":47,"column":15},"end":{"line":47,"column":21}},"loc":{"start":{"line":47,"column":24},"end":{"line":69,"column":1}},"line":47},"2":{"name":"(anonymous_2)","decl":{"start":{"line":71,"column":15},"end":{"line":71,"column":16}},"loc":{"start":{"line":71,"column":24},"end":{"line":73,"column":1}},"line":71}},"branchMap":{"0":{"loc":{"start":{"line":23,"column":2},"end":{"line":28,"column":3}},"type":"if","locations":[{"start":{"line":23,"column":2},"end":{"line":28,"column":3}},{"start":{"line":25,"column":9},"end":{"line":28,"column":3}}],"line":23},"1":{"loc":{"start":{"line":30,"column":2},"end":{"line":35,"column":3}},"type":"if","locations":[{"start":{"line":30,"column":2},"end":{"line":35,"column":3}},{"start":{"line":32,"column":9},"end":{"line":35,"column":3}}],"line":30},"2":{"loc":{"start":{"line":37,"column":2},"end":{"line":42,"column":3}},"type":"if","locations":[{"start":{"line":37,"column":2},"end":{"line":42,"column":3}},{"start":{"line":39,"column":9},"end":{"line":42,"column":3}}],"line":37},"3":{"loc":{"start":{"line":51,"column":2},"end":{"line":53,"column":3}},"type":"if","locations":[{"start":{"line":51,"column":2},"end":{"line":53,"column":3}},{"start":{},"end":{}}],"line":51},"4":{"loc":{"start":{"line":62,"column":2},"end":{"line":65,"column":3}},"type":"if","locations":[{"start":{"line":62,"column":2},"end":{"line":65,"column":3}},{"start":{},"end":{}}],"line":62}},"s":{"0":1,"1":1,"2":1,"3":1,"4":5,"5":5,"6":5,"7":5,"8":3,"9":1,"10":1,"11":3,"12":2,"13":1,"14":1,"15":2,"16":1,"17":1,"18":1,"19":1,"20":1,"21":1,"22":1,"23":0,"24":1,"25":1,"26":1,"27":1,"28":0,"29":0,"30":0,"31":0,"32":0,"33":1,"34":0},"f":{"0":5,"1":1,"2":0},"b":{"0":[3,1],"1":[2,1],"2":[1,1],"3":[0,1],"4":[0,0]},"inputSourceMap":null,"_coverageSchema":"1a1c01bbd47fc00a2c39e90264f33305004495a9","hash":"cd9001f9ab74e806f699e951148edb38a79f340b"}
,"/Users/helgabjorg/Desktop/vef2-2025-v2/src/lib/db.client.js": {"path":"/Users/helgabjorg/Desktop/vef2-2025-v2/src/lib/db.client.js","statementMap":{"0":{"start":{"line":15,"column":4},"end":{"line":15,"column":45}},"1":{"start":{"line":16,"column":4},"end":{"line":16,"column":25}},"2":{"start":{"line":20,"column":9},"end":{"line":20,"column":13}},"3":{"start":{"line":23,"column":4},"end":{"line":23,"column":73}},"4":{"start":{"line":25,"column":4},"end":{"line":28,"column":7}},"5":{"start":{"line":26,"column":6},"end":{"line":26,"column":55}},"6":{"start":{"line":27,"column":6},"end":{"line":27,"column":19}},"7":{"start":{"line":36,"column":4},"end":{"line":39,"column":5}},"8":{"start":{"line":37,"column":6},"end":{"line":37,"column":80}},"9":{"start":{"line":38,"column":6},"end":{"line":38,"column":19}},"10":{"start":{"line":41,"column":4},"end":{"line":49,"column":5}},"11":{"start":{"line":42,"column":6},"end":{"line":42,"column":28}},"12":{"start":{"line":43,"column":6},"end":{"line":43,"column":18}},"13":{"start":{"line":45,"column":6},"end":{"line":45,"column":69}},"14":{"start":{"line":46,"column":6},"end":{"line":46,"column":19}},"15":{"start":{"line":48,"column":6},"end":{"line":48,"column":23}},"16":{"start":{"line":57,"column":4},"end":{"line":60,"column":5}},"17":{"start":{"line":58,"column":6},"end":{"line":58,"column":70}},"18":{"start":{"line":59,"column":6},"end":{"line":59,"column":18}},"19":{"start":{"line":62,"column":4},"end":{"line":68,"column":5}},"20":{"start":{"line":63,"column":21},"end":{"line":63,"column":46}},"21":{"start":{"line":64,"column":6},"end":{"line":64,"column":20}},"22":{"start":{"line":66,"column":6},"end":{"line":66,"column":64}},"23":{"start":{"line":67,"column":6},"end":{"line":67,"column":18}},"24":{"start":{"line":78,"column":19},"end":{"line":78,"column":39}},"25":{"start":{"line":80,"column":4},"end":{"line":82,"column":5}},"26":{"start":{"line":81,"column":6},"end":{"line":81,"column":18}},"27":{"start":{"line":84,"column":4},"end":{"line":92,"column":5}},"28":{"start":{"line":85,"column":21},"end":{"line":85,"column":54}},"29":{"start":{"line":86,"column":6},"end":{"line":86,"column":20}},"30":{"start":{"line":88,"column":6},"end":{"line":88,"column":50}},"31":{"start":{"line":89,"column":6},"end":{"line":89,"column":18}},"32":{"start":{"line":91,"column":6},"end":{"line":91,"column":23}},"33":{"start":{"line":97,"column":9},"end":{"line":97,"column":13}},"34":{"start":{"line":104,"column":2},"end":{"line":106,"column":3}},"35":{"start":{"line":105,"column":4},"end":{"line":105,"column":14}},"36":{"start":{"line":108,"column":14},"end":{"line":108,"column":55}},"37":{"start":{"line":110,"column":2},"end":{"line":112,"column":3}},"38":{"start":{"line":111,"column":4},"end":{"line":111,"column":16}},"39":{"start":{"line":113,"column":2},"end":{"line":113,"column":59}},"40":{"start":{"line":114,"column":2},"end":{"line":114,"column":12}},"41":{"start":{"line":116,"column":2},"end":{"line":116,"column":12}}},"fnMap":{"0":{"name":"(anonymous_0)","decl":{"start":{"line":14,"column":2},"end":{"line":14,"column":3}},"loc":{"start":{"line":14,"column":40},"end":{"line":17,"column":3}},"line":14},"1":{"name":"(anonymous_1)","decl":{"start":{"line":22,"column":2},"end":{"line":22,"column":3}},"loc":{"start":{"line":22,"column":9},"end":{"line":29,"column":3}},"line":22},"2":{"name":"(anonymous_2)","decl":{"start":{"line":25,"column":26},"end":{"line":25,"column":27}},"loc":{"start":{"line":25,"column":35},"end":{"line":28,"column":5}},"line":25},"3":{"name":"(anonymous_3)","decl":{"start":{"line":35,"column":2},"end":{"line":35,"column":3}},"loc":{"start":{"line":35,"column":16},"end":{"line":50,"column":3}},"line":35},"4":{"name":"(anonymous_4)","decl":{"start":{"line":56,"column":2},"end":{"line":56,"column":3}},"loc":{"start":{"line":56,"column":18},"end":{"line":69,"column":3}},"line":56},"5":{"name":"(anonymous_5)","decl":{"start":{"line":77,"column":2},"end":{"line":77,"column":3}},"loc":{"start":{"line":77,"column":34},"end":{"line":93,"column":3}},"line":77},"6":{"name":"getDatabase","decl":{"start":{"line":103,"column":16},"end":{"line":103,"column":27}},"loc":{"start":{"line":103,"column":30},"end":{"line":117,"column":1}},"line":103}},"branchMap":{"0":{"loc":{"start":{"line":36,"column":4},"end":{"line":39,"column":5}},"type":"if","locations":[{"start":{"line":36,"column":4},"end":{"line":39,"column":5}},{"start":{},"end":{}}],"line":36},"1":{"loc":{"start":{"line":57,"column":4},"end":{"line":60,"column":5}},"type":"if","locations":[{"start":{"line":57,"column":4},"end":{"line":60,"column":5}},{"start":{},"end":{}}],"line":57},"2":{"loc":{"start":{"line":77,"column":21},"end":{"line":77,"column":32}},"type":"default-arg","locations":[{"start":{"line":77,"column":30},"end":{"line":77,"column":32}}],"line":77},"3":{"loc":{"start":{"line":80,"column":4},"end":{"line":82,"column":5}},"type":"if","locations":[{"start":{"line":80,"column":4},"end":{"line":82,"column":5}},{"start":{},"end":{}}],"line":80},"4":{"loc":{"start":{"line":104,"column":2},"end":{"line":106,"column":3}},"type":"if","locations":[{"start":{"line":104,"column":2},"end":{"line":106,"column":3}},{"start":{},"end":{}}],"line":104},"5":{"loc":{"start":{"line":110,"column":2},"end":{"line":112,"column":3}},"type":"if","locations":[{"start":{"line":110,"column":2},"end":{"line":112,"column":3}},{"start":{},"end":{}}],"line":110}},"s":{"0":1,"1":1,"2":1,"3":1,"4":1,"5":0,"6":0,"7":0,"8":0,"9":0,"10":0,"11":0,"12":0,"13":0,"14":0,"15":0,"16":1,"17":0,"18":0,"19":1,"20":1,"21":0,"22":0,"23":0,"24":1,"25":0,"26":0,"27":0,"28":0,"29":0,"30":0,"31":0,"32":0,"33":1,"34":0,"35":0,"36":0,"37":0,"38":0,"39":0,"40":0,"41":0},"f":{"0":1,"1":1,"2":0,"3":0,"4":1,"5":1,"6":0},"b":{"0":[0,0],"1":[0,1],"2":[1],"3":[0,0],"4":[0,0],"5":[0,0]},"inputSourceMap":null,"_coverageSchema":"1a1c01bbd47fc00a2c39e90264f33305004495a9","hash":"ee4d2d856a645fca8b7175a844815718849b1bd3"}
,"/Users/helgabjorg/Desktop/vef2-2025-v2/src/lib/environment.js": {"path":"/Users/helgabjorg/Desktop/vef2-2025-v2/src/lib/environment.js","statementMap":{"0":{"start":{"line":2,"column":21},"end":{"line":2,"column":25}},"1":{"start":{"line":10,"column":16},"end":{"line":10,"column":20}},"2":{"start":{"line":22,"column":2},"end":{"line":24,"column":3}},"3":{"start":{"line":23,"column":4},"end":{"line":23,"column":21}},"4":{"start":{"line":26,"column":60},"end":{"line":26,"column":63}},"5":{"start":{"line":28,"column":14},"end":{"line":28,"column":19}},"6":{"start":{"line":30,"column":2},"end":{"line":33,"column":3}},"7":{"start":{"line":31,"column":4},"end":{"line":31,"column":61}},"8":{"start":{"line":32,"column":4},"end":{"line":32,"column":17}},"9":{"start":{"line":36,"column":21},"end":{"line":36,"column":52}},"10":{"start":{"line":37,"column":2},"end":{"line":46,"column":3}},"11":{"start":{"line":38,"column":4},"end":{"line":38,"column":59}},"12":{"start":{"line":39,"column":4},"end":{"line":39,"column":26}},"13":{"start":{"line":40,"column":4},"end":{"line":40,"column":17}},"14":{"start":{"line":41,"column":9},"end":{"line":46,"column":3}},"15":{"start":{"line":42,"column":4},"end":{"line":42,"column":26}},"16":{"start":{"line":44,"column":4},"end":{"line":44,"column":70}},"17":{"start":{"line":45,"column":4},"end":{"line":45,"column":28}},"18":{"start":{"line":48,"column":2},"end":{"line":50,"column":3}},"19":{"start":{"line":49,"column":4},"end":{"line":49,"column":16}},"20":{"start":{"line":54,"column":27},"end":{"line":54,"column":46}},"21":{"start":{"line":56,"column":2},"end":{"line":59,"column":4}},"22":{"start":{"line":61,"column":2},"end":{"line":61,"column":19}}},"fnMap":{"0":{"name":"environment","decl":{"start":{"line":19,"column":16},"end":{"line":19,"column":27}},"loc":{"start":{"line":19,"column":41},"end":{"line":62,"column":1}},"line":19}},"branchMap":{"0":{"loc":{"start":{"line":22,"column":2},"end":{"line":24,"column":3}},"type":"if","locations":[{"start":{"line":22,"column":2},"end":{"line":24,"column":3}},{"start":{},"end":{}}],"line":22},"1":{"loc":{"start":{"line":30,"column":2},"end":{"line":33,"column":3}},"type":"if","locations":[{"start":{"line":30,"column":2},"end":{"line":33,"column":3}},{"start":{},"end":{}}],"line":30},"2":{"loc":{"start":{"line":30,"column":6},"end":{"line":30,"column":62}},"type":"binary-expr","locations":[{"start":{"line":30,"column":6},"end":{"line":30,"column":26}},{"start":{"line":30,"column":30},"end":{"line":30,"column":62}}],"line":30},"3":{"loc":{"start":{"line":36,"column":37},"end":{"line":36,"column":47}},"type":"binary-expr","locations":[{"start":{"line":36,"column":37},"end":{"line":36,"column":41}},{"start":{"line":36,"column":45},"end":{"line":36,"column":47}}],"line":36},"4":{"loc":{"start":{"line":37,"column":2},"end":{"line":46,"column":3}},"type":"if","locations":[{"start":{"line":37,"column":2},"end":{"line":46,"column":3}},{"start":{"line":41,"column":9},"end":{"line":46,"column":3}}],"line":37},"5":{"loc":{"start":{"line":37,"column":6},"end":{"line":37,"column":38}},"type":"binary-expr","locations":[{"start":{"line":37,"column":6},"end":{"line":37,"column":10}},{"start":{"line":37,"column":14},"end":{"line":37,"column":38}}],"line":37},"6":{"loc":{"start":{"line":41,"column":9},"end":{"line":46,"column":3}},"type":"if","locations":[{"start":{"line":41,"column":9},"end":{"line":46,"column":3}},{"start":{"line":43,"column":9},"end":{"line":46,"column":3}}],"line":41},"7":{"loc":{"start":{"line":48,"column":2},"end":{"line":50,"column":3}},"type":"if","locations":[{"start":{"line":48,"column":2},"end":{"line":50,"column":3}},{"start":{},"end":{}}],"line":48}},"s":{"0":1,"1":1,"2":1,"3":0,"4":1,"5":1,"6":1,"7":0,"8":0,"9":1,"10":1,"11":0,"12":0,"13":0,"14":1,"15":0,"16":1,"17":1,"18":1,"19":0,"20":1,"21":1,"22":1},"f":{"0":1},"b":{"0":[0,1],"1":[0,1],"2":[1,1],"3":[1,1],"4":[0,1],"5":[1,0],"6":[0,1],"7":[0,1]},"inputSourceMap":null,"_coverageSchema":"1a1c01bbd47fc00a2c39e90264f33305004495a9","hash":"0da5595062aea9b71297cd7d20f2f0a556b32040"}
,"/Users/helgabjorg/Desktop/vef2-2025-v2/src/lib/logger.js": {"path":"/Users/helgabjorg/Desktop/vef2-2025-v2/src/lib/logger.js","statementMap":{"0":{"start":{"line":3,"column":6},"end":{"line":3,"column":27}},"1":{"start":{"line":7,"column":6},"end":{"line":9,"column":7}},"2":{"start":{"line":8,"column":8},"end":{"line":8,"column":15}},"3":{"start":{"line":10,"column":6},"end":{"line":10,"column":32}},"4":{"start":{"line":14,"column":6},"end":{"line":16,"column":7}},"5":{"start":{"line":15,"column":8},"end":{"line":15,"column":15}},"6":{"start":{"line":17,"column":6},"end":{"line":17,"column":32}},"7":{"start":{"line":21,"column":6},"end":{"line":23,"column":7}},"8":{"start":{"line":22,"column":8},"end":{"line":22,"column":15}},"9":{"start":{"line":24,"column":6},"end":{"line":24,"column":33}},"10":{"start":{"line":28,"column":22},"end":{"line":28,"column":34}}},"fnMap":{"0":{"name":"(anonymous_0)","decl":{"start":{"line":2,"column":4},"end":{"line":2,"column":5}},"loc":{"start":{"line":2,"column":32},"end":{"line":4,"column":5}},"line":2},"1":{"name":"(anonymous_1)","decl":{"start":{"line":6,"column":4},"end":{"line":6,"column":5}},"loc":{"start":{"line":6,"column":22},"end":{"line":11,"column":5}},"line":6},"2":{"name":"(anonymous_2)","decl":{"start":{"line":13,"column":4},"end":{"line":13,"column":5}},"loc":{"start":{"line":13,"column":22},"end":{"line":18,"column":5}},"line":13},"3":{"name":"(anonymous_3)","decl":{"start":{"line":20,"column":4},"end":{"line":20,"column":5}},"loc":{"start":{"line":20,"column":23},"end":{"line":25,"column":5}},"line":20}},"branchMap":{"0":{"loc":{"start":{"line":2,"column":16},"end":{"line":2,"column":30}},"type":"default-arg","locations":[{"start":{"line":2,"column":25},"end":{"line":2,"column":30}}],"line":2},"1":{"loc":{"start":{"line":7,"column":6},"end":{"line":9,"column":7}},"type":"if","locations":[{"start":{"line":7,"column":6},"end":{"line":9,"column":7}},{"start":{},"end":{}}],"line":7},"2":{"loc":{"start":{"line":14,"column":6},"end":{"line":16,"column":7}},"type":"if","locations":[{"start":{"line":14,"column":6},"end":{"line":16,"column":7}},{"start":{},"end":{}}],"line":14},"3":{"loc":{"start":{"line":21,"column":6},"end":{"line":23,"column":7}},"type":"if","locations":[{"start":{"line":21,"column":6},"end":{"line":23,"column":7}},{"start":{},"end":{}}],"line":21}},"s":{"0":1,"1":2,"2":0,"3":2,"4":0,"5":0,"6":0,"7":0,"8":0,"9":0,"10":1},"f":{"0":1,"1":2,"2":0,"3":0},"b":{"0":[1],"1":[0,2],"2":[0,0],"3":[0,0]},"inputSourceMap":null,"_coverageSchema":"1a1c01bbd47fc00a2c39e90264f33305004495a9","hash":"2b690241119dca9af3cdd113f12271989b2a35fd"}
}
