TN:
SF:src/setup.js
FN:18,setupDbFromFiles
FN:47,create
FN:71,(anonymous_2)
FNF:3
FNH:2
FNDA:5,setupDbFromFiles
FNDA:1,create
FNDA:0,(anonymous_2)
DA:7,1
DA:9,1
DA:10,1
DA:11,1
DA:19,5
DA:20,5
DA:21,5
DA:23,5
DA:24,3
DA:26,1
DA:27,1
DA:30,3
DA:31,2
DA:33,1
DA:34,1
DA:37,2
DA:38,1
DA:40,1
DA:41,1
DA:44,1
DA:48,1
DA:49,1
DA:51,1
DA:52,0
DA:55,1
DA:57,1
DA:58,1
DA:60,1
DA:62,0
DA:63,0
DA:64,0
DA:67,0
DA:68,0
DA:71,1
DA:72,0
LF:35
LH:28
BRDA:23,0,0,3
BRDA:23,0,1,1
BRDA:30,1,0,2
BRDA:30,1,1,1
BRDA:37,2,0,1
BRDA:37,2,1,1
BRDA:51,3,0,0
BRDA:51,3,1,1
BRDA:62,4,0,0
BRDA:62,4,1,0
BRF:10
BRH:7
end_of_record
TN:
SF:src/lib/db.client.js
FN:14,(anonymous_0)
FN:22,(anonymous_1)
FN:25,(anonymous_2)
FN:35,(anonymous_3)
FN:56,(anonymous_4)
FN:77,(anonymous_5)
FN:103,getDatabase
FNF:7
FNH:4
FNDA:1,(anonymous_0)
FNDA:1,(anonymous_1)
FNDA:0,(anonymous_2)
FNDA:0,(anonymous_3)
FNDA:1,(anonymous_4)
FNDA:1,(anonymous_5)
FNDA:0,getDatabase
DA:15,1
DA:16,1
DA:20,1
DA:23,1
DA:25,1
DA:26,0
DA:27,0
DA:36,0
DA:37,0
DA:38,0
DA:41,0
DA:42,0
DA:43,0
DA:45,0
DA:46,0
DA:48,0
DA:57,1
DA:58,0
DA:59,0
DA:62,1
DA:63,1
DA:64,0
DA:66,0
DA:67,0
DA:78,1
DA:80,0
DA:81,0
DA:84,0
DA:85,0
DA:86,0
DA:88,0
DA:89,0
DA:91,0
DA:97,1
DA:104,0
DA:105,0
DA:108,0
DA:110,0
DA:111,0
DA:113,0
DA:114,0
DA:116,0
LF:42
LH:10
BRDA:36,0,0,0
BRDA:36,0,1,0
BRDA:57,1,0,0
BRDA:57,1,1,1
BRDA:77,2,0,1
BRDA:80,3,0,0
BRDA:80,3,1,0
BRDA:104,4,0,0
BRDA:104,4,1,0
BRDA:110,5,0,0
BRDA:110,5,1,0
BRF:11
BRH:2
end_of_record
TN:
SF:src/lib/environment.js
FN:19,environment
FNF:1
FNH:1
FNDA:1,environment
DA:2,1
DA:10,1
DA:22,1
DA:23,0
DA:26,1
DA:28,1
DA:30,1
DA:31,0
DA:32,0
DA:36,1
DA:37,1
DA:38,0
DA:39,0
DA:40,0
DA:41,1
DA:42,0
DA:44,1
DA:45,1
DA:48,1
DA:49,0
DA:54,1
DA:56,1
DA:61,1
LF:23
LH:15
BRDA:22,0,0,0
BRDA:22,0,1,1
BRDA:30,1,0,0
BRDA:30,1,1,1
BRDA:30,2,0,1
BRDA:30,2,1,1
BRDA:36,3,0,1
BRDA:36,3,1,1
BRDA:37,4,0,0
BRDA:37,4,1,1
BRDA:37,5,0,1
BRDA:37,5,1,0
BRDA:41,6,0,0
BRDA:41,6,1,1
BRDA:48,7,0,0
BRDA:48,7,1,1
BRF:16
BRH:10
end_of_record
TN:
SF:src/lib/logger.js
FN:2,(anonymous_0)
FN:6,(anonymous_1)
FN:13,(anonymous_2)
FN:20,(anonymous_3)
FNF:4
FNH:2
FNDA:1,(anonymous_0)
FNDA:2,(anonymous_1)
FNDA:0,(anonymous_2)
FNDA:0,(anonymous_3)
DA:3,1
DA:7,2
DA:8,0
DA:10,2
DA:14,0
DA:15,0
DA:17,0
DA:21,0
DA:22,0
DA:24,0
DA:28,1
LF:11
LH:4
BRDA:2,0,0,1
BRDA:7,1,0,0
BRDA:7,1,1,2
BRDA:14,2,0,0
BRDA:14,2,1,0
BRDA:21,3,0,0
BRDA:21,3,1,0
BRF:7
BRH:2
end_of_record
